<?xml version="1.0" encoding="UTF-8"?>
<!-- Generated by org.testng.reporters.JUnitReportReporter -->
<testsuite hostname="DESKTOP-958GEAV" failures="0" tests="1" name="com.example.NewTest" time="55.999" errors="0" timestamp="2022-10-07T20:59:39 IST" skipped="0">
  <testcase classname="com.example.NewTest" name="test1" time="55.999"/>
  <system-out/>
</testsuite> <!-- com.example.NewTest -->
